   1              		.cpu arm926ej-s
   2              		.fpu softvfp
   3              		.eabi_attribute 20, 1
   4              		.eabi_attribute 21, 1
   5              		.eabi_attribute 23, 3
   6              		.eabi_attribute 24, 1
   7              		.eabi_attribute 25, 1
   8              		.eabi_attribute 26, 1
   9              		.eabi_attribute 30, 6
  10              		.eabi_attribute 34, 0
  11              		.eabi_attribute 18, 4
  12              		.file	"CX3RDKOV5640Dscr.c"
  13              		.text
  14              	.Ltext0:
  15              		.cfi_sections	.debug_frame
  16              		.comm	uvcAppThread,168,4
  17              		.comm	glTimerEvent,40,4
  18              		.global	esUVCUSB30DeviceDscr
  19              		.section	.rodata.esUVCUSB30DeviceDscr,"a",%progbits
  20              		.align	2
  23              	esUVCUSB30DeviceDscr:
  24 0000 12       		.byte	18
  25 0001 01       		.byte	1
  26 0002 00       		.byte	0
  27 0003 03       		.byte	3
  28 0004 EF       		.byte	-17
  29 0005 02       		.byte	2
  30 0006 01       		.byte	1
  31 0007 09       		.byte	9
  32 0008 60       		.byte	96
  33 0009 25       		.byte	37
  34 000a 51       		.byte	81
  35 000b D0       		.byte	-48
  36 000c 00       		.byte	0
  37 000d 00       		.byte	0
  38 000e 01       		.byte	1
  39 000f 02       		.byte	2
  40 0010 00       		.byte	0
  41 0011 01       		.byte	1
  42              		.global	esUVCUSB20DeviceDscr
  43 0012 0000     		.section	.rodata.esUVCUSB20DeviceDscr,"a",%progbits
  44              		.align	2
  47              	esUVCUSB20DeviceDscr:
  48 0000 12       		.byte	18
  49 0001 01       		.byte	1
  50 0002 10       		.byte	16
  51 0003 02       		.byte	2
  52 0004 EF       		.byte	-17
  53 0005 02       		.byte	2
  54 0006 01       		.byte	1
  55 0007 40       		.byte	64
  56 0008 60       		.byte	96
  57 0009 25       		.byte	37
  58 000a 51       		.byte	81
  59 000b D0       		.byte	-48
  60 000c 00       		.byte	0
  61 000d 00       		.byte	0
  62 000e 01       		.byte	1
  63 000f 02       		.byte	2
  64 0010 00       		.byte	0
  65 0011 01       		.byte	1
  66              		.global	esUVCUSBBOSDscr
  67 0012 0000     		.section	.rodata.esUVCUSBBOSDscr,"a",%progbits
  68              		.align	2
  71              	esUVCUSBBOSDscr:
  72 0000 05       		.byte	5
  73 0001 0F       		.byte	15
  74 0002 16       		.byte	22
  75 0003 00       		.byte	0
  76 0004 02       		.byte	2
  77 0005 07       		.byte	7
  78 0006 10       		.byte	16
  79 0007 02       		.byte	2
  80 0008 02       		.byte	2
  81 0009 00       		.byte	0
  82 000a 00       		.byte	0
  83 000b 00       		.byte	0
  84 000c 0A       		.byte	10
  85 000d 10       		.byte	16
  86 000e 03       		.byte	3
  87 000f 00       		.byte	0
  88 0010 0E       		.byte	14
  89 0011 00       		.byte	0
  90 0012 03       		.byte	3
  91 0013 00       		.byte	0
  92 0014 00       		.byte	0
  93 0015 00       		.byte	0
  94              		.global	esUVCUSBDeviceQualDscr
  95 0016 0000     		.section	.rodata.esUVCUSBDeviceQualDscr,"a",%progbits
  96              		.align	2
  99              	esUVCUSBDeviceQualDscr:
 100 0000 0A       		.byte	10
 101 0001 06       		.byte	6
 102 0002 00       		.byte	0
 103 0003 02       		.byte	2
 104 0004 EF       		.byte	-17
 105 0005 02       		.byte	2
 106 0006 01       		.byte	1
 107 0007 40       		.byte	64
 108 0008 01       		.byte	1
 109 0009 00       		.byte	0
 110              		.global	esUVCUSBSSConfigDscr
 111 000a 0000     		.section	.rodata.esUVCUSBSSConfigDscr,"a",%progbits
 112              		.align	2
 115              	esUVCUSBSSConfigDscr:
 116 0000 09       		.byte	9
 117 0001 02       		.byte	2
 118 0002 3E       		.byte	62
 119 0003 01       		.byte	1
 120 0004 02       		.byte	2
 121 0005 01       		.byte	1
 122 0006 03       		.byte	3
 123 0007 C0       		.byte	-64
 124 0008 0C       		.byte	12
 125 0009 08       		.byte	8
 126 000a 0B       		.byte	11
 127 000b 00       		.byte	0
 128 000c 02       		.byte	2
 129 000d 0E       		.byte	14
 130 000e 03       		.byte	3
 131 000f 00       		.byte	0
 132 0010 00       		.byte	0
 133 0011 09       		.byte	9
 134 0012 04       		.byte	4
 135 0013 00       		.byte	0
 136 0014 00       		.byte	0
 137 0015 01       		.byte	1
 138 0016 0E       		.byte	14
 139 0017 01       		.byte	1
 140 0018 00       		.byte	0
 141 0019 00       		.byte	0
 142 001a 0D       		.byte	13
 143 001b 24       		.byte	36
 144 001c 01       		.byte	1
 145 001d 00       		.byte	0
 146 001e 01       		.byte	1
 147 001f 51       		.byte	81
 148 0020 00       		.byte	0
 149 0021 00       		.byte	0
 150 0022 6C       		.byte	108
 151 0023 DC       		.byte	-36
 152 0024 02       		.byte	2
 153 0025 01       		.byte	1
 154 0026 01       		.byte	1
 155 0027 12       		.byte	18
 156 0028 24       		.byte	36
 157 0029 02       		.byte	2
 158 002a 01       		.byte	1
 159 002b 01       		.byte	1
 160 002c 02       		.byte	2
 161 002d 00       		.byte	0
 162 002e 00       		.byte	0
 163 002f 00       		.byte	0
 164 0030 00       		.byte	0
 165 0031 00       		.byte	0
 166 0032 00       		.byte	0
 167 0033 00       		.byte	0
 168 0034 00       		.byte	0
 169 0035 03       		.byte	3
 170 0036 2A       		.byte	42
 171 0037 00       		.byte	0
 172 0038 02       		.byte	2
 173 0039 0D       		.byte	13
 174 003a 24       		.byte	36
 175 003b 05       		.byte	5
 176 003c 02       		.byte	2
 177 003d 01       		.byte	1
 178 003e 00       		.byte	0
 179 003f 40       		.byte	64
 180 0040 03       		.byte	3
 181 0041 5F       		.byte	95
 182 0042 10       		.byte	16
 183 0043 00       		.byte	0
 184 0044 00       		.byte	0
 185 0045 00       		.byte	0
 186 0046 1C       		.byte	28
 187 0047 24       		.byte	36
 188 0048 06       		.byte	6
 189 0049 03       		.byte	3
 190 004a FF       		.byte	-1
 191 004b FF       		.byte	-1
 192 004c FF       		.byte	-1
 193 004d FF       		.byte	-1
 194 004e FF       		.byte	-1
 195 004f FF       		.byte	-1
 196 0050 FF       		.byte	-1
 197 0051 FF       		.byte	-1
 198 0052 FF       		.byte	-1
 199 0053 FF       		.byte	-1
 200 0054 FF       		.byte	-1
 201 0055 FF       		.byte	-1
 202 0056 FF       		.byte	-1
 203 0057 FF       		.byte	-1
 204 0058 FF       		.byte	-1
 205 0059 FF       		.byte	-1
 206 005a 00       		.byte	0
 207 005b 01       		.byte	1
 208 005c 02       		.byte	2
 209 005d 03       		.byte	3
 210 005e 00       		.byte	0
 211 005f 00       		.byte	0
 212 0060 00       		.byte	0
 213 0061 00       		.byte	0
 214 0062 09       		.byte	9
 215 0063 24       		.byte	36
 216 0064 03       		.byte	3
 217 0065 04       		.byte	4
 218 0066 01       		.byte	1
 219 0067 01       		.byte	1
 220 0068 00       		.byte	0
 221 0069 03       		.byte	3
 222 006a 00       		.byte	0
 223 006b 07       		.byte	7
 224 006c 05       		.byte	5
 225 006d 82       		.byte	-126
 226 006e 03       		.byte	3
 227 006f 40       		.byte	64
 228 0070 00       		.byte	0
 229 0071 01       		.byte	1
 230 0072 06       		.byte	6
 231 0073 30       		.byte	48
 232 0074 00       		.byte	0
 233 0075 00       		.byte	0
 234 0076 40       		.byte	64
 235 0077 00       		.byte	0
 236 0078 05       		.byte	5
 237 0079 25       		.byte	37
 238 007a 03       		.byte	3
 239 007b 40       		.byte	64
 240 007c 00       		.byte	0
 241 007d 09       		.byte	9
 242 007e 04       		.byte	4
 243 007f 01       		.byte	1
 244 0080 00       		.byte	0
 245 0081 01       		.byte	1
 246 0082 0E       		.byte	14
 247 0083 02       		.byte	2
 248 0084 00       		.byte	0
 249 0085 00       		.byte	0
 250 0086 0E       		.byte	14
 251 0087 24       		.byte	36
 252 0088 01       		.byte	1
 253 0089 01       		.byte	1
 254 008a AB       		.byte	-85
 255 008b 00       		.byte	0
 256 008c 83       		.byte	-125
 257 008d 00       		.byte	0
 258 008e 04       		.byte	4
 259 008f 02       		.byte	2
 260 0090 01       		.byte	1
 261 0091 01       		.byte	1
 262 0092 01       		.byte	1
 263 0093 00       		.byte	0
 264 0094 1B       		.byte	27
 265 0095 24       		.byte	36
 266 0096 04       		.byte	4
 267 0097 01       		.byte	1
 268 0098 04       		.byte	4
 269 0099 59       		.byte	89
 270 009a 55       		.byte	85
 271 009b 59       		.byte	89
 272 009c 32       		.byte	50
 273 009d 00       		.byte	0
 274 009e 00       		.byte	0
 275 009f 10       		.byte	16
 276 00a0 00       		.byte	0
 277 00a1 80       		.byte	-128
 278 00a2 00       		.byte	0
 279 00a3 00       		.byte	0
 280 00a4 AA       		.byte	-86
 281 00a5 00       		.byte	0
 282 00a6 38       		.byte	56
 283 00a7 9B       		.byte	-101
 284 00a8 71       		.byte	113
 285 00a9 10       		.byte	16
 286 00aa 01       		.byte	1
 287 00ab 00       		.byte	0
 288 00ac 00       		.byte	0
 289 00ad 00       		.byte	0
 290 00ae 00       		.byte	0
 291 00af 1E       		.byte	30
 292 00b0 24       		.byte	36
 293 00b1 05       		.byte	5
 294 00b2 01       		.byte	1
 295 00b3 00       		.byte	0
 296 00b4 80       		.byte	-128
 297 00b5 07       		.byte	7
 298 00b6 38       		.byte	56
 299 00b7 04       		.byte	4
 300 00b8 00       		.byte	0
 301 00b9 80       		.byte	-128
 302 00ba 53       		.byte	83
 303 00bb 3B       		.byte	59
 304 00bc 00       		.byte	0
 305 00bd 80       		.byte	-128
 306 00be 53       		.byte	83
 307 00bf 3B       		.byte	59
 308 00c0 00       		.byte	0
 309 00c1 48       		.byte	72
 310 00c2 3F       		.byte	63
 311 00c3 00       		.byte	0
 312 00c4 15       		.byte	21
 313 00c5 16       		.byte	22
 314 00c6 05       		.byte	5
 315 00c7 00       		.byte	0
 316 00c8 01       		.byte	1
 317 00c9 15       		.byte	21
 318 00ca 16       		.byte	22
 319 00cb 05       		.byte	5
 320 00cc 00       		.byte	0
 321 00cd 1E       		.byte	30
 322 00ce 24       		.byte	36
 323 00cf 05       		.byte	5
 324 00d0 02       		.byte	2
 325 00d1 00       		.byte	0
 326 00d2 80       		.byte	-128
 327 00d3 02       		.byte	2
 328 00d4 E0       		.byte	-32
 329 00d5 01       		.byte	1
 330 00d6 00       		.byte	0
 331 00d7 00       		.byte	0
 332 00d8 94       		.byte	-108
 333 00d9 11       		.byte	17
 334 00da 00       		.byte	0
 335 00db 00       		.byte	0
 336 00dc 94       		.byte	-108
 337 00dd 11       		.byte	17
 338 00de 00       		.byte	0
 339 00df 60       		.byte	96
 340 00e0 09       		.byte	9
 341 00e1 00       		.byte	0
 342 00e2 0A       		.byte	10
 343 00e3 8B       		.byte	-117
 344 00e4 02       		.byte	2
 345 00e5 00       		.byte	0
 346 00e6 01       		.byte	1
 347 00e7 0A       		.byte	10
 348 00e8 8B       		.byte	-117
 349 00e9 02       		.byte	2
 350 00ea 00       		.byte	0
 351 00eb 1E       		.byte	30
 352 00ec 24       		.byte	36
 353 00ed 05       		.byte	5
 354 00ee 03       		.byte	3
 355 00ef 00       		.byte	0
 356 00f0 00       		.byte	0
 357 00f1 05       		.byte	5
 358 00f2 D0       		.byte	-48
 359 00f3 02       		.byte	2
 360 00f4 00       		.byte	0
 361 00f5 00       		.byte	0
 362 00f6 57       		.byte	87
 363 00f7 30       		.byte	48
 364 00f8 00       		.byte	0
 365 00f9 00       		.byte	0
 366 00fa BC       		.byte	-68
 367 00fb 34       		.byte	52
 368 00fc 00       		.byte	0
 369 00fd 20       		.byte	32
 370 00fe 1C       		.byte	28
 371 00ff 00       		.byte	0
 372 0100 0A       		.byte	10
 373 0101 8B       		.byte	-117
 374 0102 02       		.byte	2
 375 0103 00       		.byte	0
 376 0104 01       		.byte	1
 377 0105 0A       		.byte	10
 378 0106 8B       		.byte	-117
 379 0107 02       		.byte	2
 380 0108 00       		.byte	0
 381 0109 1E       		.byte	30
 382 010a 24       		.byte	36
 383 010b 05       		.byte	5
 384 010c 04       		.byte	4
 385 010d 00       		.byte	0
 386 010e 20       		.byte	32
 387 010f 0A       		.byte	10
 388 0110 98       		.byte	-104
 389 0111 07       		.byte	7
 390 0112 00       		.byte	0
 391 0113 D0       		.byte	-48
 392 0114 14       		.byte	20
 393 0115 48       		.byte	72
 394 0116 00       		.byte	0
 395 0117 D0       		.byte	-48
 396 0118 14       		.byte	20
 397 0119 48       		.byte	72
 398 011a 00       		.byte	0
 399 011b C6       		.byte	-58
 400 011c 99       		.byte	-103
 401 011d 00       		.byte	0
 402 011e 2A       		.byte	42
 403 011f 2C       		.byte	44
 404 0120 0A       		.byte	10
 405 0121 00       		.byte	0
 406 0122 01       		.byte	1
 407 0123 2A       		.byte	42
 408 0124 2C       		.byte	44
 409 0125 0A       		.byte	10
 410 0126 00       		.byte	0
 411 0127 0A       		.byte	10
 412 0128 24       		.byte	36
 413 0129 03       		.byte	3
 414 012a 00       		.byte	0
 415 012b 01       		.byte	1
 416 012c 20       		.byte	32
 417 012d 0A       		.byte	10
 418 012e 98       		.byte	-104
 419 012f 07       		.byte	7
 420 0130 00       		.byte	0
 421 0131 07       		.byte	7
 422 0132 05       		.byte	5
 423 0133 83       		.byte	-125
 424 0134 02       		.byte	2
 425 0135 00       		.byte	0
 426 0136 04       		.byte	4
 427 0137 00       		.byte	0
 428 0138 06       		.byte	6
 429 0139 30       		.byte	48
 430 013a 0F       		.byte	15
 431 013b 00       		.byte	0
 432 013c 00       		.byte	0
 433 013d 00       		.byte	0
 434              		.global	esUVCUSBHSConfigDscr
 435 013e 0000     		.section	.rodata.esUVCUSBHSConfigDscr,"a",%progbits
 436              		.align	2
 439              	esUVCUSBHSConfigDscr:
 440 0000 09       		.byte	9
 441 0001 02       		.byte	2
 442 0002 CD       		.byte	-51
 443 0003 00       		.byte	0
 444 0004 02       		.byte	2
 445 0005 01       		.byte	1
 446 0006 04       		.byte	4
 447 0007 C0       		.byte	-64
 448 0008 32       		.byte	50
 449 0009 08       		.byte	8
 450 000a 0B       		.byte	11
 451 000b 00       		.byte	0
 452 000c 02       		.byte	2
 453 000d 0E       		.byte	14
 454 000e 03       		.byte	3
 455 000f 00       		.byte	0
 456 0010 00       		.byte	0
 457 0011 09       		.byte	9
 458 0012 04       		.byte	4
 459 0013 00       		.byte	0
 460 0014 00       		.byte	0
 461 0015 01       		.byte	1
 462 0016 0E       		.byte	14
 463 0017 01       		.byte	1
 464 0018 00       		.byte	0
 465 0019 00       		.byte	0
 466 001a 0D       		.byte	13
 467 001b 24       		.byte	36
 468 001c 01       		.byte	1
 469 001d 00       		.byte	0
 470 001e 01       		.byte	1
 471 001f 50       		.byte	80
 472 0020 00       		.byte	0
 473 0021 00       		.byte	0
 474 0022 6C       		.byte	108
 475 0023 DC       		.byte	-36
 476 0024 02       		.byte	2
 477 0025 01       		.byte	1
 478 0026 01       		.byte	1
 479 0027 12       		.byte	18
 480 0028 24       		.byte	36
 481 0029 02       		.byte	2
 482 002a 01       		.byte	1
 483 002b 01       		.byte	1
 484 002c 02       		.byte	2
 485 002d 00       		.byte	0
 486 002e 00       		.byte	0
 487 002f 00       		.byte	0
 488 0030 00       		.byte	0
 489 0031 00       		.byte	0
 490 0032 00       		.byte	0
 491 0033 00       		.byte	0
 492 0034 00       		.byte	0
 493 0035 03       		.byte	3
 494 0036 2A       		.byte	42
 495 0037 00       		.byte	0
 496 0038 02       		.byte	2
 497 0039 0C       		.byte	12
 498 003a 24       		.byte	36
 499 003b 05       		.byte	5
 500 003c 02       		.byte	2
 501 003d 01       		.byte	1
 502 003e 00       		.byte	0
 503 003f 40       		.byte	64
 504 0040 03       		.byte	3
 505 0041 5F       		.byte	95
 506 0042 10       		.byte	16
 507 0043 00       		.byte	0
 508 0044 00       		.byte	0
 509 0045 1C       		.byte	28
 510 0046 24       		.byte	36
 511 0047 06       		.byte	6
 512 0048 03       		.byte	3
 513 0049 FF       		.byte	-1
 514 004a FF       		.byte	-1
 515 004b FF       		.byte	-1
 516 004c FF       		.byte	-1
 517 004d FF       		.byte	-1
 518 004e FF       		.byte	-1
 519 004f FF       		.byte	-1
 520 0050 FF       		.byte	-1
 521 0051 FF       		.byte	-1
 522 0052 FF       		.byte	-1
 523 0053 FF       		.byte	-1
 524 0054 FF       		.byte	-1
 525 0055 FF       		.byte	-1
 526 0056 FF       		.byte	-1
 527 0057 FF       		.byte	-1
 528 0058 FF       		.byte	-1
 529 0059 00       		.byte	0
 530 005a 01       		.byte	1
 531 005b 02       		.byte	2
 532 005c 03       		.byte	3
 533 005d 00       		.byte	0
 534 005e 00       		.byte	0
 535 005f 00       		.byte	0
 536 0060 00       		.byte	0
 537 0061 09       		.byte	9
 538 0062 24       		.byte	36
 539 0063 03       		.byte	3
 540 0064 04       		.byte	4
 541 0065 01       		.byte	1
 542 0066 01       		.byte	1
 543 0067 00       		.byte	0
 544 0068 03       		.byte	3
 545 0069 00       		.byte	0
 546 006a 07       		.byte	7
 547 006b 05       		.byte	5
 548 006c 82       		.byte	-126
 549 006d 03       		.byte	3
 550 006e 40       		.byte	64
 551 006f 00       		.byte	0
 552 0070 01       		.byte	1
 553 0071 05       		.byte	5
 554 0072 25       		.byte	37
 555 0073 03       		.byte	3
 556 0074 40       		.byte	64
 557 0075 00       		.byte	0
 558 0076 09       		.byte	9
 559 0077 04       		.byte	4
 560 0078 01       		.byte	1
 561 0079 00       		.byte	0
 562 007a 01       		.byte	1
 563 007b 0E       		.byte	14
 564 007c 02       		.byte	2
 565 007d 00       		.byte	0
 566 007e 00       		.byte	0
 567 007f 0E       		.byte	14
 568 0080 24       		.byte	36
 569 0081 01       		.byte	1
 570 0082 01       		.byte	1
 571 0083 47       		.byte	71
 572 0084 00       		.byte	0
 573 0085 83       		.byte	-125
 574 0086 00       		.byte	0
 575 0087 04       		.byte	4
 576 0088 00       		.byte	0
 577 0089 00       		.byte	0
 578 008a 00       		.byte	0
 579 008b 01       		.byte	1
 580 008c 00       		.byte	0
 581 008d 1B       		.byte	27
 582 008e 24       		.byte	36
 583 008f 04       		.byte	4
 584 0090 01       		.byte	1
 585 0091 01       		.byte	1
 586 0092 59       		.byte	89
 587 0093 55       		.byte	85
 588 0094 59       		.byte	89
 589 0095 32       		.byte	50
 590 0096 00       		.byte	0
 591 0097 00       		.byte	0
 592 0098 10       		.byte	16
 593 0099 00       		.byte	0
 594 009a 80       		.byte	-128
 595 009b 00       		.byte	0
 596 009c 00       		.byte	0
 597 009d AA       		.byte	-86
 598 009e 00       		.byte	0
 599 009f 38       		.byte	56
 600 00a0 9B       		.byte	-101
 601 00a1 71       		.byte	113
 602 00a2 10       		.byte	16
 603 00a3 01       		.byte	1
 604 00a4 00       		.byte	0
 605 00a5 00       		.byte	0
 606 00a6 00       		.byte	0
 607 00a7 00       		.byte	0
 608 00a8 1E       		.byte	30
 609 00a9 24       		.byte	36
 610 00aa 05       		.byte	5
 611 00ab 01       		.byte	1
 612 00ac 00       		.byte	0
 613 00ad 80       		.byte	-128
 614 00ae 02       		.byte	2
 615 00af E0       		.byte	-32
 616 00b0 01       		.byte	1
 617 00b1 00       		.byte	0
 618 00b2 00       		.byte	0
 619 00b3 94       		.byte	-108
 620 00b4 11       		.byte	17
 621 00b5 00       		.byte	0
 622 00b6 00       		.byte	0
 623 00b7 94       		.byte	-108
 624 00b8 11       		.byte	17
 625 00b9 00       		.byte	0
 626 00ba 60       		.byte	96
 627 00bb 09       		.byte	9
 628 00bc 00       		.byte	0
 629 00bd 15       		.byte	21
 630 00be 16       		.byte	22
 631 00bf 05       		.byte	5
 632 00c0 00       		.byte	0
 633 00c1 01       		.byte	1
 634 00c2 15       		.byte	21
 635 00c3 16       		.byte	22
 636 00c4 05       		.byte	5
 637 00c5 00       		.byte	0
 638 00c6 07       		.byte	7
 639 00c7 05       		.byte	5
 640 00c8 83       		.byte	-125
 641 00c9 02       		.byte	2
 642 00ca 00       		.byte	0
 643 00cb 02       		.byte	2
 644 00cc 00       		.byte	0
 645              		.global	esUVCUSBFSConfigDscr
 646 00cd 000000   		.section	.rodata.esUVCUSBFSConfigDscr,"a",%progbits
 647              		.align	2
 650              	esUVCUSBFSConfigDscr:
 651 0000 09       		.byte	9
 652 0001 02       		.byte	2
 653 0002 09       		.byte	9
 654 0003 00       		.byte	0
 655 0004 00       		.byte	0
 656 0005 01       		.byte	1
 657 0006 00       		.byte	0
 658 0007 80       		.byte	-128
 659 0008 32       		.byte	50
 660              		.global	esUVCUSBStringLangIDDscr
 661 0009 000000   		.section	.rodata.esUVCUSBStringLangIDDscr,"a",%progbits
 662              		.align	2
 665              	esUVCUSBStringLangIDDscr:
 666 0000 04       		.byte	4
 667 0001 03       		.byte	3
 668 0002 09       		.byte	9
 669 0003 04       		.byte	4
 670              		.global	esUVCUSBManufactureDscr
 671              		.section	.rodata.esUVCUSBManufactureDscr,"a",%progbits
 672              		.align	2
 675              	esUVCUSBManufactureDscr:
 676 0000 1A       		.byte	26
 677 0001 03       		.byte	3
 678 0002 65       		.byte	101
 679 0003 00       		.byte	0
 680 0004 2D       		.byte	45
 681 0005 00       		.byte	0
 682 0006 63       		.byte	99
 683 0007 00       		.byte	0
 684 0008 6F       		.byte	111
 685 0009 00       		.byte	0
 686 000a 6E       		.byte	110
 687 000b 00       		.byte	0
 688 000c 73       		.byte	115
 689 000d 00       		.byte	0
 690 000e 79       		.byte	121
 691 000f 00       		.byte	0
 692 0010 73       		.byte	115
 693 0011 00       		.byte	0
 694 0012 74       		.byte	116
 695 0013 00       		.byte	0
 696 0014 65       		.byte	101
 697 0015 00       		.byte	0
 698 0016 6D       		.byte	109
 699 0017 00       		.byte	0
 700 0018 73       		.byte	115
 701 0019 00       		.byte	0
 702              		.global	esUVCUSBProductDscr
 703 001a 0000     		.section	.rodata.esUVCUSBProductDscr,"a",%progbits
 704              		.align	2
 707              	esUVCUSBProductDscr:
 708 0000 38       		.byte	56
 709 0001 03       		.byte	3
 710 0002 65       		.byte	101
 711 0003 00       		.byte	0
 712 0004 2D       		.byte	45
 713 0005 00       		.byte	0
 714 0006 63       		.byte	99
 715 0007 00       		.byte	0
 716 0008 6F       		.byte	111
 717 0009 00       		.byte	0
 718 000a 6E       		.byte	110
 719 000b 00       		.byte	0
 720 000c 27       		.byte	39
 721 000d 00       		.byte	0
 722 000e 73       		.byte	115
 723 000f 00       		.byte	0
 724 0010 20       		.byte	32
 725 0011 00       		.byte	0
 726 0012 43       		.byte	67
 727 0013 00       		.byte	0
 728 0014 58       		.byte	88
 729 0015 00       		.byte	0
 730 0016 33       		.byte	51
 731 0017 00       		.byte	0
 732 0018 20       		.byte	32
 733 0019 00       		.byte	0
 734 001a 52       		.byte	82
 735 001b 00       		.byte	0
 736 001c 44       		.byte	68
 737 001d 00       		.byte	0
 738 001e 4B       		.byte	75
 739 001f 00       		.byte	0
 740 0020 20       		.byte	32
 741 0021 00       		.byte	0
 742 0022 77       		.byte	119
 743 0023 00       		.byte	0
 744 0024 69       		.byte	105
 745 0025 00       		.byte	0
 746 0026 74       		.byte	116
 747 0027 00       		.byte	0
 748 0028 68       		.byte	104
 749 0029 00       		.byte	0
 750 002a 20       		.byte	32
 751 002b 00       		.byte	0
 752 002c 4F       		.byte	79
 753 002d 00       		.byte	0
 754 002e 56       		.byte	86
 755 002f 00       		.byte	0
 756 0030 35       		.byte	53
 757 0031 00       		.byte	0
 758 0032 36       		.byte	54
 759 0033 00       		.byte	0
 760 0034 34       		.byte	52
 761 0035 00       		.byte	0
 762 0036 30       		.byte	48
 763 0037 00       		.byte	0
 764              		.global	esUVCUSBConfigSSDscr
 765              		.section	.rodata.esUVCUSBConfigSSDscr,"a",%progbits
 766              		.align	2
 769              	esUVCUSBConfigSSDscr:
 770 0000 10       		.byte	16
 771 0001 03       		.byte	3
 772 0002 55       		.byte	85
 773 0003 00       		.byte	0
 774 0004 53       		.byte	83
 775 0005 00       		.byte	0
 776 0006 42       		.byte	66
 777 0007 00       		.byte	0
 778 0008 2D       		.byte	45
 779 0009 00       		.byte	0
 780 000a 33       		.byte	51
 781 000b 00       		.byte	0
 782 000c 2E       		.byte	46
 783 000d 00       		.byte	0
 784 000e 30       		.byte	48
 785 000f 00       		.byte	0
 786              		.global	esUVCUSBConfigHSDscr
 787              		.section	.rodata.esUVCUSBConfigHSDscr,"a",%progbits
 788              		.align	2
 791              	esUVCUSBConfigHSDscr:
 792 0000 10       		.byte	16
 793 0001 03       		.byte	3
 794 0002 55       		.byte	85
 795 0003 00       		.byte	0
 796 0004 53       		.byte	83
 797 0005 00       		.byte	0
 798 0006 42       		.byte	66
 799 0007 00       		.byte	0
 800 0008 2D       		.byte	45
 801 0009 00       		.byte	0
 802 000a 32       		.byte	50
 803 000b 00       		.byte	0
 804 000c 2E       		.byte	46
 805 000d 00       		.byte	0
 806 000e 31       		.byte	49
 807 000f 00       		.byte	0
 808              		.global	esUVCUSBConfigFSDscr
 809              		.section	.rodata.esUVCUSBConfigFSDscr,"a",%progbits
 810              		.align	2
 813              	esUVCUSBConfigFSDscr:
 814 0000 10       		.byte	16
 815 0001 03       		.byte	3
 816 0002 55       		.byte	85
 817 0003 00       		.byte	0
 818 0004 53       		.byte	83
 819 0005 00       		.byte	0
 820 0006 42       		.byte	66
 821 0007 00       		.byte	0
 822 0008 2D       		.byte	45
 823 0009 00       		.byte	0
 824 000a 31       		.byte	49
 825 000b 00       		.byte	0
 826 000c 2E       		.byte	46
 827 000d 00       		.byte	0
 828 000e 31       		.byte	49
 829 000f 00       		.byte	0
 830              		.global	glProbeCtrl
 831              		.section	.data.glProbeCtrl,"aw",%progbits
 832              		.align	2
 835              	glProbeCtrl:
 836 0000 00       		.byte	0
 837 0001 00       		.byte	0
 838 0002 01       		.byte	1
 839 0003 01       		.byte	1
 840 0004 0A       		.byte	10
 841 0005 8B       		.byte	-117
 842 0006 02       		.byte	2
 843 0007 00       		.byte	0
 844 0008 00       		.byte	0
 845 0009 00       		.byte	0
 846 000a 00       		.byte	0
 847 000b 00       		.byte	0
 848 000c 00       		.byte	0
 849 000d 00       		.byte	0
 850 000e 00       		.byte	0
 851 000f 00       		.byte	0
 852 0010 00       		.byte	0
 853 0011 00       		.byte	0
 854 0012 00       		.byte	0
 855 0013 48       		.byte	72
 856 0014 3F       		.byte	63
 857 0015 00       		.byte	0
 858 0016 00       		.byte	0
 859 0017 90       		.byte	-112
 860 0018 00       		.byte	0
 861 0019 00       		.byte	0
 862              		.global	gl1080pProbeCtrl
 863 001a 0000     		.section	.rodata.gl1080pProbeCtrl,"a",%progbits
 864              		.align	2
 867              	gl1080pProbeCtrl:
 868 0000 00       		.byte	0
 869 0001 00       		.byte	0
 870 0002 01       		.byte	1
 871 0003 01       		.byte	1
 872 0004 15       		.byte	21
 873 0005 16       		.byte	22
 874 0006 05       		.byte	5
 875 0007 00       		.byte	0
 876 0008 00       		.byte	0
 877 0009 00       		.byte	0
 878 000a 00       		.byte	0
 879 000b 00       		.byte	0
 880 000c 00       		.byte	0
 881 000d 00       		.byte	0
 882 000e 00       		.byte	0
 883 000f 00       		.byte	0
 884 0010 00       		.byte	0
 885 0011 00       		.byte	0
 886 0012 00       		.byte	0
 887 0013 48       		.byte	72
 888 0014 3F       		.byte	63
 889 0015 00       		.byte	0
 890 0016 00       		.byte	0
 891 0017 90       		.byte	-112
 892 0018 00       		.byte	0
 893 0019 00       		.byte	0
 894              		.global	glVga60ProbeCtrl
 895 001a 0000     		.section	.rodata.glVga60ProbeCtrl,"a",%progbits
 896              		.align	2
 899              	glVga60ProbeCtrl:
 900 0000 00       		.byte	0
 901 0001 00       		.byte	0
 902 0002 01       		.byte	1
 903 0003 02       		.byte	2
 904 0004 0A       		.byte	10
 905 0005 8B       		.byte	-117
 906 0006 02       		.byte	2
 907 0007 00       		.byte	0
 908 0008 00       		.byte	0
 909 0009 00       		.byte	0
 910 000a 00       		.byte	0
 911 000b 00       		.byte	0
 912 000c 00       		.byte	0
 913 000d 00       		.byte	0
 914 000e 00       		.byte	0
 915 000f 00       		.byte	0
 916 0010 00       		.byte	0
 917 0011 00       		.byte	0
 918 0012 00       		.byte	0
 919 0013 60       		.byte	96
 920 0014 09       		.byte	9
 921 0015 00       		.byte	0
 922 0016 00       		.byte	0
 923 0017 90       		.byte	-112
 924 0018 00       		.byte	0
 925 0019 00       		.byte	0
 926              		.global	gl720pProbeCtrl
 927 001a 0000     		.section	.rodata.gl720pProbeCtrl,"a",%progbits
 928              		.align	2
 931              	gl720pProbeCtrl:
 932 0000 00       		.byte	0
 933 0001 00       		.byte	0
 934 0002 01       		.byte	1
 935 0003 03       		.byte	3
 936 0004 0A       		.byte	10
 937 0005 8B       		.byte	-117
 938 0006 02       		.byte	2
 939 0007 00       		.byte	0
 940 0008 00       		.byte	0
 941 0009 00       		.byte	0
 942 000a 00       		.byte	0
 943 000b 00       		.byte	0
 944 000c 00       		.byte	0
 945 000d 00       		.byte	0
 946 000e 00       		.byte	0
 947 000f 00       		.byte	0
 948 0010 00       		.byte	0
 949 0011 00       		.byte	0
 950 0012 00       		.byte	0
 951 0013 20       		.byte	32
 952 0014 1C       		.byte	28
 953 0015 00       		.byte	0
 954 0016 00       		.byte	0
 955 0017 90       		.byte	-112
 956 0018 00       		.byte	0
 957 0019 00       		.byte	0
 958              		.global	gl5MpProbeCtrl
 959 001a 0000     		.section	.rodata.gl5MpProbeCtrl,"a",%progbits
 960              		.align	2
 963              	gl5MpProbeCtrl:
 964 0000 00       		.byte	0
 965 0001 00       		.byte	0
 966 0002 01       		.byte	1
 967 0003 04       		.byte	4
 968 0004 2A       		.byte	42
 969 0005 2C       		.byte	44
 970 0006 0A       		.byte	10
 971 0007 00       		.byte	0
 972 0008 00       		.byte	0
 973 0009 00       		.byte	0
 974 000a 00       		.byte	0
 975 000b 00       		.byte	0
 976 000c 00       		.byte	0
 977 000d 00       		.byte	0
 978 000e 00       		.byte	0
 979 000f 00       		.byte	0
 980 0010 00       		.byte	0
 981 0011 00       		.byte	0
 982 0012 00       		.byte	0
 983 0013 C6       		.byte	-58
 984 0014 99       		.byte	-103
 985 0015 00       		.byte	0
 986 0016 00       		.byte	0
 987 0017 90       		.byte	-112
 988 0018 00       		.byte	0
 989 0019 00       		.byte	0
 990              		.global	glVga30ProbeCtrl
 991 001a 0000     		.section	.rodata.glVga30ProbeCtrl,"a",%progbits
 992              		.align	2
 995              	glVga30ProbeCtrl:
 996 0000 00       		.byte	0
 997 0001 00       		.byte	0
 998 0002 01       		.byte	1
 999 0003 01       		.byte	1
 1000 0004 0A       		.byte	10
 1001 0005 8B       		.byte	-117
 1002 0006 02       		.byte	2
 1003 0007 00       		.byte	0
 1004 0008 00       		.byte	0
 1005 0009 00       		.byte	0
 1006 000a 00       		.byte	0
 1007 000b 00       		.byte	0
 1008 000c 00       		.byte	0
 1009 000d 00       		.byte	0
 1010 000e 00       		.byte	0
 1011 000f 00       		.byte	0
 1012 0010 00       		.byte	0
 1013 0011 00       		.byte	0
 1014 0012 00       		.byte	0
 1015 0013 60       		.byte	96
 1016 0014 09       		.byte	9
 1017 0015 00       		.byte	0
 1018 0016 00       		.byte	0
 1019 0017 30       		.byte	48
 1020 0018 00       		.byte	0
 1021 0019 00       		.byte	0
 1022              		.global	glStillProbeCtrl
 1023 001a 0000     		.section	.data.glStillProbeCtrl,"aw",%progbits
 1024              		.align	2
 1027              	glStillProbeCtrl:
 1028 0000 01       		.byte	1
 1029 0001 01       		.byte	1
 1030 0002 00       		.byte	0
 1031 0003 00       		.byte	0
 1032 0004 C6       		.byte	-58
 1033 0005 99       		.byte	-103
 1034 0006 00       		.byte	0
 1035 0007 00       		.byte	0
 1036 0008 30       		.byte	48
 1037 0009 00       		.byte	0
 1038 000a 00       		.byte	0
 1039              		.global	cfgUvc5Mp15NoMclk
 1040 000b 00       		.section	.data.cfgUvc5Mp15NoMclk,"aw",%progbits
 1041              		.align	2
 1044              	cfgUvc5Mp15NoMclk:
 1045 0000 26       		.byte	38
 1046 0001 02       		.byte	2
 1047 0002 01       		.byte	1
 1048 0003 00       		.space	1
 1049 0004 4000     		.short	64
 1050 0006 00       		.byte	0
 1051 0007 00       		.byte	0
 1052 0008 00       		.byte	0
 1053 0009 00       		.space	1
 1054 000a 0000     		.short	0
 1055 000c 02       		.byte	2
 1056 000d 00       		.space	1
 1057 000e 200A     		.short	2592
 1058 0010 0100     		.short	1
 1059              		.global	cfgUvc1080p30NoMclk
 1060 0012 0000     		.section	.data.cfgUvc1080p30NoMclk,"aw",%progbits
 1061              		.align	2
 1064              	cfgUvc1080p30NoMclk:
 1065 0000 26       		.byte	38
 1066 0001 02       		.byte	2
 1067 0002 01       		.byte	1
 1068 0003 00       		.space	1
 1069 0004 3E00     		.short	62
 1070 0006 00       		.byte	0
 1071 0007 00       		.byte	0
 1072 0008 00       		.byte	0
 1073 0009 00       		.space	1
 1074 000a 0000     		.short	0
 1075 000c 00       		.byte	0
 1076 000d 00       		.space	1
 1077 000e 8007     		.short	1920
 1078 0010 0100     		.short	1
 1079              		.global	cfgUvc720p60NoMclk
 1080 0012 0000     		.section	.data.cfgUvc720p60NoMclk,"aw",%progbits
 1081              		.align	2
 1084              	cfgUvc720p60NoMclk:
 1085 0000 26       		.byte	38
 1086 0001 02       		.byte	2
 1087 0002 01       		.byte	1
 1088 0003 00       		.space	1
 1089 0004 3E00     		.short	62
 1090 0006 01       		.byte	1
 1091 0007 01       		.byte	1
 1092 0008 01       		.byte	1
 1093 0009 00       		.space	1
 1094 000a 0000     		.short	0
 1095 000c 00       		.byte	0
 1096 000d 00       		.space	1
 1097 000e 0005     		.short	1280
 1098 0010 0100     		.short	1
 1099              		.global	cfgUvcVgaNoMclk
 1100 0012 0000     		.section	.data.cfgUvcVgaNoMclk,"aw",%progbits
 1101              		.align	2
 1104              	cfgUvcVgaNoMclk:
 1105 0000 26       		.byte	38
 1106 0001 01       		.byte	1
 1107 0002 01       		.byte	1
 1108 0003 00       		.space	1
 1109 0004 5A00     		.short	90
 1110 0006 02       		.byte	2
 1111 0007 02       		.byte	2
 1112 0008 00       		.byte	0
 1113 0009 00       		.space	1
 1114 000a 0000     		.short	0
 1115 000c 00       		.byte	0
 1116 000d 00       		.space	1
 1117 000e 8002     		.short	640
 1118 0010 0100     		.short	1
 1119              		.global	cfgUvcVga30NoMclk
 1120 0012 0000     		.section	.data.cfgUvcVga30NoMclk,"aw",%progbits
 1121              		.align	2
 1124              	cfgUvcVga30NoMclk:
 1125 0000 02       		.byte	2
 1126 0001 02       		.byte	2
 1127 0002 02       		.byte	2
 1128 0003 00       		.space	1
 1129 0004 5F00     		.short	95
 1130 0006 01       		.byte	1
 1131 0007 01       		.byte	1
 1132 0008 01       		.byte	1
 1133 0009 00       		.space	1
 1134 000a 0000     		.short	0
 1135 000c 02       		.byte	2
 1136 000d 00       		.space	1
 1137 000e 8002     		.short	640
 1138 0010 3200     		.short	50
 1139 0012 0000     		.text
 1140              	.Letext0:
 1141              		.file 1 "c:\\program files (x86)\\cypress\\ez-usb fx3 sdk\\1.3\\arm gcc\\arm-none-eabi\\include\\s
 1142              		.file 2 "C:\\Program Files (x86)\\Cypress\\EZ-USB FX3 SDK\\1.3\\\\firmware\\u3p_firmware\\inc/cyu3
 1143              		.file 3 "C:\\Program Files (x86)\\Cypress\\EZ-USB FX3 SDK\\1.3\\\\firmware\\u3p_firmware\\inc/tx_p
 1144              		.file 4 "C:\\Program Files (x86)\\Cypress\\EZ-USB FX3 SDK\\1.3\\\\firmware\\u3p_firmware\\inc/tx_a
 1145              		.file 5 "C:\\Program Files (x86)\\Cypress\\EZ-USB FX3 SDK\\1.3\\\\firmware\\u3p_firmware\\inc/cyu3
 1146              		.file 6 "C:\\Program Files (x86)\\Cypress\\EZ-USB FX3 SDK\\1.3\\\\firmware\\u3p_firmware\\inc/cyu3
 1147              		.file 7 "../CX3RDKOV5640Dscr.c"
 1148              		.file 8 "../CX3RDKOV5640.h"
DEFINED SYMBOLS
                            *ABS*:00000000 CX3RDKOV5640Dscr.c
                            *COM*:000000a8 uvcAppThread
                            *COM*:00000028 glTimerEvent
C:\Users\dragon.fu\AppData\Local\Temp\cceS3xU3.s:23     .rodata.esUVCUSB30DeviceDscr:00000000 esUVCUSB30DeviceDscr
C:\Users\dragon.fu\AppData\Local\Temp\cceS3xU3.s:20     .rodata.esUVCUSB30DeviceDscr:00000000 $d
C:\Users\dragon.fu\AppData\Local\Temp\cceS3xU3.s:47     .rodata.esUVCUSB20DeviceDscr:00000000 esUVCUSB20DeviceDscr
C:\Users\dragon.fu\AppData\Local\Temp\cceS3xU3.s:44     .rodata.esUVCUSB20DeviceDscr:00000000 $d
C:\Users\dragon.fu\AppData\Local\Temp\cceS3xU3.s:71     .rodata.esUVCUSBBOSDscr:00000000 esUVCUSBBOSDscr
C:\Users\dragon.fu\AppData\Local\Temp\cceS3xU3.s:68     .rodata.esUVCUSBBOSDscr:00000000 $d
C:\Users\dragon.fu\AppData\Local\Temp\cceS3xU3.s:99     .rodata.esUVCUSBDeviceQualDscr:00000000 esUVCUSBDeviceQualDscr
C:\Users\dragon.fu\AppData\Local\Temp\cceS3xU3.s:96     .rodata.esUVCUSBDeviceQualDscr:00000000 $d
C:\Users\dragon.fu\AppData\Local\Temp\cceS3xU3.s:115    .rodata.esUVCUSBSSConfigDscr:00000000 esUVCUSBSSConfigDscr
C:\Users\dragon.fu\AppData\Local\Temp\cceS3xU3.s:112    .rodata.esUVCUSBSSConfigDscr:00000000 $d
C:\Users\dragon.fu\AppData\Local\Temp\cceS3xU3.s:439    .rodata.esUVCUSBHSConfigDscr:00000000 esUVCUSBHSConfigDscr
C:\Users\dragon.fu\AppData\Local\Temp\cceS3xU3.s:436    .rodata.esUVCUSBHSConfigDscr:00000000 $d
C:\Users\dragon.fu\AppData\Local\Temp\cceS3xU3.s:650    .rodata.esUVCUSBFSConfigDscr:00000000 esUVCUSBFSConfigDscr
C:\Users\dragon.fu\AppData\Local\Temp\cceS3xU3.s:647    .rodata.esUVCUSBFSConfigDscr:00000000 $d
C:\Users\dragon.fu\AppData\Local\Temp\cceS3xU3.s:665    .rodata.esUVCUSBStringLangIDDscr:00000000 esUVCUSBStringLangIDDscr
C:\Users\dragon.fu\AppData\Local\Temp\cceS3xU3.s:662    .rodata.esUVCUSBStringLangIDDscr:00000000 $d
C:\Users\dragon.fu\AppData\Local\Temp\cceS3xU3.s:675    .rodata.esUVCUSBManufactureDscr:00000000 esUVCUSBManufactureDscr
C:\Users\dragon.fu\AppData\Local\Temp\cceS3xU3.s:672    .rodata.esUVCUSBManufactureDscr:00000000 $d
C:\Users\dragon.fu\AppData\Local\Temp\cceS3xU3.s:707    .rodata.esUVCUSBProductDscr:00000000 esUVCUSBProductDscr
C:\Users\dragon.fu\AppData\Local\Temp\cceS3xU3.s:704    .rodata.esUVCUSBProductDscr:00000000 $d
C:\Users\dragon.fu\AppData\Local\Temp\cceS3xU3.s:769    .rodata.esUVCUSBConfigSSDscr:00000000 esUVCUSBConfigSSDscr
C:\Users\dragon.fu\AppData\Local\Temp\cceS3xU3.s:766    .rodata.esUVCUSBConfigSSDscr:00000000 $d
C:\Users\dragon.fu\AppData\Local\Temp\cceS3xU3.s:791    .rodata.esUVCUSBConfigHSDscr:00000000 esUVCUSBConfigHSDscr
C:\Users\dragon.fu\AppData\Local\Temp\cceS3xU3.s:788    .rodata.esUVCUSBConfigHSDscr:00000000 $d
C:\Users\dragon.fu\AppData\Local\Temp\cceS3xU3.s:813    .rodata.esUVCUSBConfigFSDscr:00000000 esUVCUSBConfigFSDscr
C:\Users\dragon.fu\AppData\Local\Temp\cceS3xU3.s:810    .rodata.esUVCUSBConfigFSDscr:00000000 $d
C:\Users\dragon.fu\AppData\Local\Temp\cceS3xU3.s:835    .data.glProbeCtrl:00000000 glProbeCtrl
C:\Users\dragon.fu\AppData\Local\Temp\cceS3xU3.s:832    .data.glProbeCtrl:00000000 $d
C:\Users\dragon.fu\AppData\Local\Temp\cceS3xU3.s:867    .rodata.gl1080pProbeCtrl:00000000 gl1080pProbeCtrl
C:\Users\dragon.fu\AppData\Local\Temp\cceS3xU3.s:864    .rodata.gl1080pProbeCtrl:00000000 $d
C:\Users\dragon.fu\AppData\Local\Temp\cceS3xU3.s:899    .rodata.glVga60ProbeCtrl:00000000 glVga60ProbeCtrl
C:\Users\dragon.fu\AppData\Local\Temp\cceS3xU3.s:896    .rodata.glVga60ProbeCtrl:00000000 $d
C:\Users\dragon.fu\AppData\Local\Temp\cceS3xU3.s:931    .rodata.gl720pProbeCtrl:00000000 gl720pProbeCtrl
C:\Users\dragon.fu\AppData\Local\Temp\cceS3xU3.s:928    .rodata.gl720pProbeCtrl:00000000 $d
C:\Users\dragon.fu\AppData\Local\Temp\cceS3xU3.s:963    .rodata.gl5MpProbeCtrl:00000000 gl5MpProbeCtrl
C:\Users\dragon.fu\AppData\Local\Temp\cceS3xU3.s:960    .rodata.gl5MpProbeCtrl:00000000 $d
C:\Users\dragon.fu\AppData\Local\Temp\cceS3xU3.s:995    .rodata.glVga30ProbeCtrl:00000000 glVga30ProbeCtrl
C:\Users\dragon.fu\AppData\Local\Temp\cceS3xU3.s:992    .rodata.glVga30ProbeCtrl:00000000 $d
C:\Users\dragon.fu\AppData\Local\Temp\cceS3xU3.s:1027   .data.glStillProbeCtrl:00000000 glStillProbeCtrl
C:\Users\dragon.fu\AppData\Local\Temp\cceS3xU3.s:1024   .data.glStillProbeCtrl:00000000 $d
C:\Users\dragon.fu\AppData\Local\Temp\cceS3xU3.s:1044   .data.cfgUvc5Mp15NoMclk:00000000 cfgUvc5Mp15NoMclk
C:\Users\dragon.fu\AppData\Local\Temp\cceS3xU3.s:1041   .data.cfgUvc5Mp15NoMclk:00000000 $d
C:\Users\dragon.fu\AppData\Local\Temp\cceS3xU3.s:1064   .data.cfgUvc1080p30NoMclk:00000000 cfgUvc1080p30NoMclk
C:\Users\dragon.fu\AppData\Local\Temp\cceS3xU3.s:1061   .data.cfgUvc1080p30NoMclk:00000000 $d
C:\Users\dragon.fu\AppData\Local\Temp\cceS3xU3.s:1084   .data.cfgUvc720p60NoMclk:00000000 cfgUvc720p60NoMclk
C:\Users\dragon.fu\AppData\Local\Temp\cceS3xU3.s:1081   .data.cfgUvc720p60NoMclk:00000000 $d
C:\Users\dragon.fu\AppData\Local\Temp\cceS3xU3.s:1104   .data.cfgUvcVgaNoMclk:00000000 cfgUvcVgaNoMclk
C:\Users\dragon.fu\AppData\Local\Temp\cceS3xU3.s:1101   .data.cfgUvcVgaNoMclk:00000000 $d
C:\Users\dragon.fu\AppData\Local\Temp\cceS3xU3.s:1124   .data.cfgUvcVga30NoMclk:00000000 cfgUvcVga30NoMclk
C:\Users\dragon.fu\AppData\Local\Temp\cceS3xU3.s:1121   .data.cfgUvcVga30NoMclk:00000000 $d
                           .group:00000000 wm4.1.29463082a45126943f020ea30bda05c8
                           .group:00000000 wm4.newlib.h.8.384a112feabb3bef7b573ae48cde2e3b
                           .group:00000000 wm4.features.h.22.6a4ca7cd053637cc1d0db6c16f39b2d7
                           .group:00000000 wm4.config.h.219.8eb38badc3f446ace4f0fbbdc7b4e018
                           .group:00000000 wm4._ansi.h.23.5644b60c990a4800b02a6e654e88f93a
                           .group:00000000 wm4.stdint.h.20.54ad762faa59e3c05491630641c8d8bf
                           .group:00000000 wm4.cyu3types.h.80.f5310e165127de2daf78c334a454267e
                           .group:00000000 wm4.cyu3usbconst.h.37.502980e110c2142a7316d50a53794397
                           .group:00000000 wm4.stdlib.h.18.8bab2fb43ac4e90235390733c30a4530
                           .group:00000000 wm4.stddef.h.184.aa65fb7281d578229bbad41b91862635
                           .group:00000000 wm4._default_types.h.6.5e12cd604db8ce00b62bb2f02708eaf3
                           .group:00000000 wm4.lock.h.2.9bc98482741e5e2a9450b12934a684ea
                           .group:00000000 wm4._types.h.59.db8450f33c1f6150c0372fa1091a887a
                           .group:00000000 wm4.stddef.h.348.9a99de77b6ba3b4278b57e9cc6d6e349
                           .group:00000000 wm4.reent.h.16.ec713094ff7b80200da61a1b94cca956
                           .group:00000000 wm4.alloca.h.8.dfc0c703c47ec3e69746825b17d9e66d
                           .group:00000000 wm4.stdlib.h.55.7091a050e07f1c4abd225630fe3d62f1
                           .group:00000000 wm4.stddef.h.39.d0197034aa5fd947cae140b9289e6734
                           .group:00000000 wm4.cdefs.h.56.efab90f4d89fbc41d6b3a5c5fb0d3d0f
                           .group:00000000 wm4.string.h.15.dab3980bf35408a4c507182805e2de3a
                           .group:00000000 wm4.stddef.h.158.a7efb00f6cbc6f43213b50e183c9830c
                           .group:00000000 wm4.string.h.126.6ff3aa59129e7f66b2c273baf353e066
                           .group:00000000 wm4.tx_port.h.95.54ef54ef950923016df123872c81f77f
                           .group:00000000 wm4.tx_api.h.90.d18ffa804751aa80b6d59c3d596c2234
                           .group:00000000 wm4.cyu3tx.h.61.421a5eac9b37f3e2677fcfe17ba1c9c3
                           .group:00000000 wm4.assert.h.11.060c3dc511517628fd4f958fa9448dce
                           .group:00000000 wm4.cyu3utils.h.45.ea1b88089ccad3d50489f6f768ad8e9f
                           .group:00000000 wm4.cyu3dma.h.569.521da17a880bb7dc9c063e240d18d9bc
                           .group:00000000 wm4.cyu3sib.h.59.b1cff9a75023363cc612aef2b2314b23
                           .group:00000000 wm4.cyu3gpif.h.52.b01ef1bece12652336136a0aaabab45b
                           .group:00000000 wm4.cyu3mipicsi.h.46.b99df5b141b2543db3c56d6e408e0c5e
                           .group:00000000 wm4.CX3RDKOV5640.h.34.16f03605a9abf281a0c637c9029be977

NO UNDEFINED SYMBOLS
